2024-02-28 16:19:36.191 [main] INFO  jdbc.sqlonly - SELECT
				*
		FROM
				BRAND

2024-02-28 16:19:36.225 [main] INFO  jdbc.resultsettable - 
|---------|---------|----------------------|----------|
|brand_id |brand_nm |entered_at            |active_yn |
|---------|---------|----------------------|----------|
|1        |samsung  |2021-01-01 00:00:00.0 |Y         |
|2        |lg       |2021-01-01 00:00:00.0 |Y         |
|3        |apple    |2021-01-01 00:00:00.0 |Y         |
|4        |lenovo   |2021-01-01 00:00:00.0 |N         |
|5        |gigabyte |2021-01-01 00:00:00.0 |N         |
|6        |hp       |2021-01-01 00:00:00.0 |N         |
|---------|---------|----------------------|----------|

2024-02-28 16:19:52.671 [main] INFO  jdbc.sqlonly - SELECT
				*
		FROM
				BRAND
		WHERE
				BRAND_ID = 1

2024-02-28 16:19:52.703 [main] INFO  jdbc.resultsettable - 
|---------|---------|----------------------|----------|
|brand_id |brand_nm |entered_at            |active_yn |
|---------|---------|----------------------|----------|
|1        |samsung  |2021-01-01 00:00:00.0 |Y         |
|---------|---------|----------------------|----------|

2024-02-28 16:19:52.720 [main] INFO  jdbc.sqlonly - DELETE FROM 
				BRAND
		WHERE
				BRAND_ID = 100

2024-02-28 16:19:52.726 [main] INFO  jdbc.sqlonly - SELECT
				*
		FROM
				BRAND

2024-02-28 16:19:52.730 [main] INFO  jdbc.resultsettable - 
|---------|---------|----------------------|----------|
|brand_id |brand_nm |entered_at            |active_yn |
|---------|---------|----------------------|----------|
|1        |samsung  |2021-01-01 00:00:00.0 |Y         |
|2        |lg       |2021-01-01 00:00:00.0 |Y         |
|3        |apple    |2021-01-01 00:00:00.0 |Y         |
|4        |lenovo   |2021-01-01 00:00:00.0 |N         |
|5        |gigabyte |2021-01-01 00:00:00.0 |N         |
|6        |hp       |2021-01-01 00:00:00.0 |N         |
|---------|---------|----------------------|----------|

2024-02-28 16:19:52.737 [main] INFO  jdbc.sqlonly - UPDATE
				BRAND
		SET
				BRAND_NM = '추가된브랜드100'
		WHERE
				BRAND_ID = 100

2024-02-28 16:19:52.745 [main] INFO  jdbc.sqlonly - INSERT INTO 
				BRAND
		VALUES (
			100,
			'추가된브랜드',
			NOW(),
			'Y'
		);

