2024-03-06 17:46:46.952 [http-nio-8080-exec-4] INFO  jdbc.resultsettable - 
|----------|
|member_id |
|----------|
|test      |
|----------|

2024-03-06 17:47:06.016 [http-nio-8080-exec-1] INFO  jdbc.resultsettable - 
|----------|
|member_id |
|----------|
|test      |
|----------|

2024-03-06 17:48:34.814 [http-nio-8080-exec-4] INFO  jdbc.resultsettable - 
|----------|
|member_id |
|----------|
|test      |
|----------|

2024-03-06 17:48:56.472 [http-nio-8080-exec-1] INFO  jdbc.resultsettable - 
|----------|
|member_id |
|----------|
|----------|

2024-03-06 22:33:38.957 [http-nio-8080-exec-8] INFO  jdbc.resultsettable - 
|----------|
|member_id |
|----------|
|----------|

2024-03-06 22:34:30.484 [http-nio-8080-exec-2] INFO  jdbc.resultsettable - 
|-------------------------------------------------------------|----------|
|passwd                                                       |active_yn |
|-------------------------------------------------------------|----------|
|$2a$10$rBnfk/dbloF0do3y.R4ykOw4ADUqNgwhmnTbsHEGWGJ2XtX6KAv7G |y         |
|-------------------------------------------------------------|----------|

2024-03-06 23:41:08.215 [http-nio-8080-exec-1] INFO  jdbc.resultsettable - 
|----------|
|member_id |
|----------|
|----------|

